# JRE version: OpenJDK Runtime Environment (11.0.8+10) (build 11.0.8+10-post-Ubuntu-0ubuntu118.04.1)
# Java VM: OpenJDK 64-Bit Server VM (11.0.8+10-post-Ubuntu-0ubuntu118.04.1, mixed mode, sharing, tiered, compressed oops, serial gc, linux-amd64)
Heap:
 def new generation   total 2432K, used 2038K [0x00000000f8000000, 0x00000000f82a0000, 0x00000000faaa0000)
  eden space 2176K,  81% used [0x00000000f8000000, 0x00000000f81bd8f0, 0x00000000f8220000)
  from space 256K, 100% used [0x00000000f8220000, 0x00000000f8260000, 0x00000000f8260000)
  to   space 256K,   0% used [0x00000000f8260000, 0x00000000f8260000, 0x00000000f82a0000)
 tenured generation   total 5504K, used 2786K [0x00000000faaa0000, 0x00000000fb000000, 0x0000000100000000)
   the space 5504K,  50% used [0x00000000faaa0000, 0x00000000fad589a0, 0x00000000fad58a00, 0x00000000fb000000)
 Metaspace       used 11167K, capacity 11671K, committed 12032K, reserved 1060864K
  class space    used 1223K, capacity 1458K, committed 1536K, reserved 1048576K
GC Heap History (12 events):
Event: 1.216 GC heap before
{Heap before GC invocations=0 (full 0):
 def new generation   total 2432K, used 2176K [0x00000000f8000000, 0x00000000f82a0000, 0x00000000faaa0000)
  eden space 2176K, 100% used [0x00000000f8000000, 0x00000000f8220000, 0x00000000f8220000)
  from space 256K,   0% used [0x00000000f8220000, 0x00000000f8220000, 0x00000000f8260000)
  to   space 256K,   0% used [0x00000000f8260000, 0x00000000f8260000, 0x00000000f82a0000)
 tenured generation   total 5504K, used 0K [0x00000000faaa0000, 0x00000000fb000000, 0x0000000100000000)
   the space 5504K,   0% used [0x00000000faaa0000, 0x00000000faaa0000, 0x00000000faaa0200, 0x00000000fb000000)
 Metaspace       used 1310K, capacity 4645K, committed 4864K, reserved 1056768K
  class space    used 124K, capacity 442K, committed 512K, reserved 1048576K
}
Event: 1.230 GC heap after
{Heap after GC invocations=1 (full 0):
 def new generation   total 2432K, used 256K [0x00000000f8000000, 0x00000000f82a0000, 0x00000000faaa0000)
  eden space 2176K,   0% used [0x00000000f8000000, 0x00000000f8000000, 0x00000000f8220000)
  from space 256K, 100% used [0x00000000f8260000, 0x00000000f82a0000, 0x00000000f82a0000)
  to   space 256K,   0% used [0x00000000f8220000, 0x00000000f8220000, 0x00000000f8260000)
 tenured generation   total 5504K, used 612K [0x00000000faaa0000, 0x00000000fb000000, 0x0000000100000000)
   the space 5504K,  11% used [0x00000000faaa0000, 0x00000000fab392b0, 0x00000000fab39400, 0x00000000fb000000)
 Metaspace       used 1310K, capacity 4645K, committed 4864K, reserved 1056768K
  class space    used 124K, capacity 442K, committed 512K, reserved 1048576K
}
Event: 7.884 GC heap before
{Heap before GC invocations=1 (full 0):
 def new generation   total 2432K, used 2432K [0x00000000f8000000, 0x00000000f82a0000, 0x00000000faaa0000)
  eden space 2176K, 100% used [0x00000000f8000000, 0x00000000f8220000, 0x00000000f8220000)
  from space 256K, 100% used [0x00000000f8260000, 0x00000000f82a0000, 0x00000000f82a0000)
  to   space 256K,   0% used [0x00000000f8220000, 0x00000000f8220000, 0x00000000f8260000)
 tenured generation   total 5504K, used 612K [0x00000000faaa0000, 0x00000000fb000000, 0x0000000100000000)
   the space 5504K,  11% used [0x00000000faaa0000, 0x00000000fab392b0, 0x00000000fab39400, 0x00000000fb000000)
 Metaspace       used 4200K, capacity 4868K, committed 4992K, reserved 1056768K
  class space    used 426K, capacity 523K, committed 640K, reserved 1048576K
}
Event: 7.964 GC heap after
{Heap after GC invocations=2 (full 0):
 def new generation   total 2432K, used 255K [0x00000000f8000000, 0x00000000f82a0000, 0x00000000faaa0000)
  eden space 2176K,   0% used [0x00000000f8000000, 0x00000000f8000000, 0x00000000f8220000)
  from space 256K,  99% used [0x00000000f8220000, 0x00000000f825fff8, 0x00000000f8260000)
  to   space 256K,   0% used [0x00000000f8260000, 0x00000000f8260000, 0x00000000f82a0000)
 tenured generation   total 5504K, used 1103K [0x00000000faaa0000, 0x00000000fb000000, 0x0000000100000000)
   the space 5504K,  20% used [0x00000000faaa0000, 0x00000000fabb3dc8, 0x00000000fabb3e00, 0x00000000fb000000)
 Metaspace       used 4200K, capacity 4868K, committed 4992K, reserved 1056768K
  class space    used 426K, capacity 523K, committed 640K, reserved 1048576K
}
Event: 8.655 GC heap before
{Heap before GC invocations=2 (full 0):
 def new generation   total 2432K, used 2431K [0x00000000f8000000, 0x00000000f82a0000, 0x00000000faaa0000)
  eden space 2176K, 100% used [0x00000000f8000000, 0x00000000f8220000, 0x00000000f8220000)
  from space 256K,  99% used [0x00000000f8220000, 0x00000000f825fff8, 0x00000000f8260000)
  to   space 256K,   0% used [0x00000000f8260000, 0x00000000f8260000, 0x00000000f82a0000)
 tenured generation   total 5504K, used 1103K [0x00000000faaa0000, 0x00000000fb000000, 0x0000000100000000)
   the space 5504K,  20% used [0x00000000faaa0000, 0x00000000fabb3dc8, 0x00000000fabb3e00, 0x00000000fb000000)
 Metaspace       used 5726K, capacity 6010K, committed 6272K, reserved 1056768K
  class space    used 634K, capacity 786K, committed 896K, reserved 1048576K
}
Event: 8.664 GC heap after
{Heap after GC invocations=3 (full 0):
 def new generation   total 2432K, used 255K [0x00000000f8000000, 0x00000000f82a0000, 0x00000000faaa0000)
  eden space 2176K,   0% used [0x00000000f8000000, 0x00000000f8000000, 0x00000000f8220000)
  from space 256K,  99% used [0x00000000f8260000, 0x00000000f829fff8, 0x00000000f82a0000)
  to   space 256K,   0% used [0x00000000f8220000, 0x00000000f8220000, 0x00000000f8260000)
 tenured generation   total 5504K, used 1490K [0x00000000faaa0000, 0x00000000fb000000, 0x0000000100000000)
   the space 5504K,  27% used [0x00000000faaa0000, 0x00000000fac148a8, 0x00000000fac14a00, 0x00000000fb000000)
 Metaspace       used 5726K, capacity 6010K, committed 6272K, reserved 1056768K
  class space    used 634K, capacity 786K, committed 896K, reserved 1048576K
}
Event: 9.549 GC heap before
{Heap before GC invocations=3 (full 0):
 def new generation   total 2432K, used 2431K [0x00000000f8000000, 0x00000000f82a0000, 0x00000000faaa0000)
  eden space 2176K, 100% used [0x00000000f8000000, 0x00000000f8220000, 0x00000000f8220000)
  from space 256K,  99% used [0x00000000f8260000, 0x00000000f829fff8, 0x00000000f82a0000)
  to   space 256K,   0% used [0x00000000f8220000, 0x00000000f8220000, 0x00000000f8260000)
 tenured generation   total 5504K, used 1490K [0x00000000faaa0000, 0x00000000fb000000, 0x0000000100000000)
   the space 5504K,  27% used [0x00000000faaa0000, 0x00000000fac148a8, 0x00000000fac14a00, 0x00000000fb000000)
 Metaspace       used 8440K, capacity 8832K, committed 8960K, reserved 1056768K
  class space    used 969K, capacity 1173K, committed 1280K, reserved 1048576K
}
Event: 9.560 GC heap after
{Heap after GC invocations=4 (full 0):
 def new generation   total 2432K, used 255K [0x00000000f8000000, 0x00000000f82a0000, 0x00000000faaa0000)
  eden space 2176K,   0% used [0x00000000f8000000, 0x00000000f8000000, 0x00000000f8220000)
  from space 256K,  99% used [0x00000000f8220000, 0x00000000f825fff8, 0x00000000f8260000)
  to   space 256K,   0% used [0x00000000f8260000, 0x00000000f8260000, 0x00000000f82a0000)
 tenured generation   total 5504K, used 1908K [0x00000000faaa0000, 0x00000000fb000000, 0x0000000100000000)
   the space 5504K,  34% used [0x00000000faaa0000, 0x00000000fac7d090, 0x00000000fac7d200, 0x00000000fb000000)
 Metaspace       used 8440K, capacity 8832K, committed 8960K, reserved 1056768K
  class space    used 969K, capacity 1173K, committed 1280K, reserved 1048576K
}
Event: 10.166 GC heap before
{Heap before GC invocations=4 (full 0):
 def new generation   total 2432K, used 2431K [0x00000000f8000000, 0x00000000f82a0000, 0x00000000faaa0000)
  eden space 2176K, 100% used [0x00000000f8000000, 0x00000000f8220000, 0x00000000f8220000)
  from space 256K,  99% used [0x00000000f8220000, 0x00000000f825fff8, 0x00000000f8260000)
  to   space 256K,   0% used [0x00000000f8260000, 0x00000000f8260000, 0x00000000f82a0000)
 tenured generation   total 5504K, used 1908K [0x00000000faaa0000, 0x00000000fb000000, 0x0000000100000000)
   the space 5504K,  34% used [0x00000000faaa0000, 0x00000000fac7d090, 0x00000000fac7d200, 0x00000000fb000000)
 Metaspace       used 9151K, capacity 9599K, committed 9728K, reserved 1058816K
  class space    used 1067K, capacity 1280K, committed 1280K, reserved 1048576K
}
Event: 10.170 GC heap after
{Heap after GC invocations=5 (full 0):
 def new generation   total 2432K, used 255K [0x00000000f8000000, 0x00000000f82a0000, 0x00000000faaa0000)
  eden space 2176K,   0% used [0x00000000f8000000, 0x00000000f8000000, 0x00000000f8220000)
  from space 256K,  99% used [0x00000000f8260000, 0x00000000f829fff8, 0x00000000f82a0000)
  to   space 256K,   0% used [0x00000000f8220000, 0x00000000f8220000, 0x00000000f8260000)
 tenured generation   total 5504K, used 2446K [0x00000000faaa0000, 0x00000000fb000000, 0x0000000100000000)
   the space 5504K,  44% used [0x00000000faaa0000, 0x00000000fad03b40, 0x00000000fad03c00, 0x00000000fb000000)
 Metaspace       used 9151K, capacity 9599K, committed 9728K, reserved 1058816K
  class space    used 1067K, capacity 1280K, committed 1280K, reserved 1048576K
}
Event: 50.688 GC heap before
{Heap before GC invocations=5 (full 0):
 def new generation   total 2432K, used 2431K [0x00000000f8000000, 0x00000000f82a0000, 0x00000000faaa0000)
  eden space 2176K,  99% used [0x00000000f8000000, 0x00000000f821ffe0, 0x00000000f8220000)
  from space 256K,  99% used [0x00000000f8260000, 0x00000000f829fff8, 0x00000000f82a0000)
  to   space 256K,   0% used [0x00000000f8220000, 0x00000000f8220000, 0x00000000f8260000)
 tenured generation   total 5504K, used 2446K [0x00000000faaa0000, 0x00000000fb000000, 0x0000000100000000)
   the space 5504K,  44% used [0x00000000faaa0000, 0x00000000fad03b40, 0x00000000fad03c00, 0x00000000fb000000)
 Metaspace       used 10848K, capacity 11351K, committed 11520K, reserved 1058816K
  class space    used 1223K, capacity 1458K, committed 1536K, reserved 1048576K
}
Event: 50.701 GC heap after
{Heap after GC invocations=6 (full 0):
 def new generation   total 2432K, used 256K [0x00000000f8000000, 0x00000000f82a0000, 0x00000000faaa0000)
  eden space 2176K,   0% used [0x00000000f8000000, 0x00000000f8000000, 0x00000000f8220000)
  from space 256K, 100% used [0x00000000f8220000, 0x00000000f8260000, 0x00000000f8260000)
  to   space 256K,   0% used [0x00000000f8260000, 0x00000000f8260000, 0x00000000f82a0000)
 tenured generation   total 5504K, used 2786K [0x00000000faaa0000, 0x00000000fb000000, 0x0000000100000000)
   the space 5504K,  50% used [0x00000000faaa0000, 0x00000000fad589a0, 0x00000000fad58a00, 0x00000000fb000000)
 Metaspace       used 10848K, capacity 11351K, committed 11520K, reserved 1058816K
  class space    used 1223K, capacity 1458K, committed 1536K, reserved 1048576K
}

